<?xml version="1.0" encoding="UTF-8"?>
<!-- Generated by org.testng.reporters.JUnitReportReporter -->
<testsuite skipped="0" hostname="DESKTOP-LSREHHM" name="abc.Exc" tests="1" failures="0" timestamp="21 Mar 2020 05:14:10 GMT" time="29.001" errors="0">
  <testcase name="testcase" time="29.001" classname="abc.Exc"/>
</testsuite> <!-- abc.Exc -->
